# JRE version: Java(TM) SE Runtime Environment (21.0.7+8) (build 21.0.7+8-LTS-245)
# Java VM: Java HotSpot(TM) 64-Bit Server VM (21.0.7+8-LTS-245, mixed mode, sharing, tiered, compressed oops, compressed class ptrs, g1 gc, windows-amd64)
GC Precious Log:
 CardTable entry size: 512
 Card Set container configuration: InlinePtr #cards 5 size 8 Array Of Cards #cards 12 size 40 Howl #buckets 4 coarsen threshold 1843 Howl Bitmap #cards 512 size 80 coarsen threshold 460 Card regions per heap region 1 cards per card region 2048
 CPUs: 4 total, 4 available
 Memory: 3916M
 Large Page Support: Disabled
 NUMA Support: Disabled
 Compressed Oops: Enabled (32-bit)
 Heap Region Size: 1M
 Heap Min Capacity: 8M
 Heap Initial Capacity: 62M
 Heap Max Capacity: 980M
 Pre-touch: Disabled
 Parallel Workers: 4
 Concurrent Workers: 1
 Concurrent Refinement Workers: 4
 Periodic GC: Disabled
Heap:
 garbage-first heap   total 63488K, used 34247K [0x00000000c2c00000, 0x0000000100000000)
  region size 1024K, 17 young (17408K), 5 survivors (5120K)
 Metaspace       used 26604K, committed 27008K, reserved 1114112K
  class space    used 3457K, committed 3648K, reserved 1048576K
GC Heap History (14 events):
Event: 1.601 GC heap before
{Heap before GC invocations=0 (full 0):
 garbage-first heap   total 63488K, used 12288K [0x00000000c2c00000, 0x0000000100000000)
  region size 1024K, 13 young (13312K), 0 survivors (0K)
 Metaspace       used 2478K, committed 2688K, reserved 1114112K
  class space    used 254K, committed 320K, reserved 1048576K
}
Event: 1.608 GC heap after
{Heap after GC invocations=1 (full 0):
 garbage-first heap   total 63488K, used 2000K [0x00000000c2c00000, 0x0000000100000000)
  region size 1024K, 2 young (2048K), 2 survivors (2048K)
 Metaspace       used 2478K, committed 2688K, reserved 1114112K
  class space    used 254K, committed 320K, reserved 1048576K
}
Event: 3.373 GC heap before
{Heap before GC invocations=1 (full 0):
 garbage-first heap   total 63488K, used 22480K [0x00000000c2c00000, 0x0000000100000000)
  region size 1024K, 23 young (23552K), 2 survivors (2048K)
 Metaspace       used 8924K, committed 9152K, reserved 1114112K
  class space    used 1058K, committed 1152K, reserved 1048576K
}
Event: 3.382 GC heap after
{Heap after GC invocations=2 (full 0):
 garbage-first heap   total 63488K, used 5188K [0x00000000c2c00000, 0x0000000100000000)
  region size 1024K, 3 young (3072K), 3 survivors (3072K)
 Metaspace       used 8924K, committed 9152K, reserved 1114112K
  class space    used 1058K, committed 1152K, reserved 1048576K
}
Event: 5.354 GC heap before
{Heap before GC invocations=2 (full 0):
 garbage-first heap   total 63488K, used 41028K [0x00000000c2c00000, 0x0000000100000000)
  region size 1024K, 37 young (37888K), 3 survivors (3072K)
 Metaspace       used 15902K, committed 16192K, reserved 1114112K
  class space    used 2154K, committed 2304K, reserved 1048576K
}
Event: 5.366 GC heap after
{Heap after GC invocations=3 (full 0):
 garbage-first heap   total 63488K, used 11025K [0x00000000c2c00000, 0x0000000100000000)
  region size 1024K, 4 young (4096K), 4 survivors (4096K)
 Metaspace       used 15902K, committed 16192K, reserved 1114112K
  class space    used 2154K, committed 2304K, reserved 1048576K
}
Event: 18.431 GC heap before
{Heap before GC invocations=3 (full 0):
 garbage-first heap   total 63488K, used 44817K [0x00000000c2c00000, 0x0000000100000000)
  region size 1024K, 37 young (37888K), 4 survivors (4096K)
 Metaspace       used 19145K, committed 19584K, reserved 1114112K
  class space    used 2407K, committed 2624K, reserved 1048576K
}
Event: 18.440 GC heap after
{Heap after GC invocations=4 (full 0):
 garbage-first heap   total 63488K, used 12579K [0x00000000c2c00000, 0x0000000100000000)
  region size 1024K, 2 young (2048K), 2 survivors (2048K)
 Metaspace       used 19145K, committed 19584K, reserved 1114112K
  class space    used 2407K, committed 2624K, reserved 1048576K
}
Event: 36.415 GC heap before
{Heap before GC invocations=4 (full 0):
 garbage-first heap   total 63488K, used 48419K [0x00000000c2c00000, 0x0000000100000000)
  region size 1024K, 37 young (37888K), 2 survivors (2048K)
 Metaspace       used 19191K, committed 19648K, reserved 1114112K
  class space    used 2407K, committed 2624K, reserved 1048576K
}
Event: 36.418 GC heap after
{Heap after GC invocations=5 (full 0):
 garbage-first heap   total 63488K, used 12575K [0x00000000c2c00000, 0x0000000100000000)
  region size 1024K, 2 young (2048K), 2 survivors (2048K)
 Metaspace       used 19191K, committed 19648K, reserved 1114112K
  class space    used 2407K, committed 2624K, reserved 1048576K
}
Event: 37.860 GC heap before
{Heap before GC invocations=5 (full 0):
 garbage-first heap   total 63488K, used 29983K [0x00000000c2c00000, 0x0000000100000000)
  region size 1024K, 18 young (18432K), 2 survivors (2048K)
 Metaspace       used 21100K, committed 21504K, reserved 1114112K
  class space    used 2694K, committed 2880K, reserved 1048576K
}
Event: 37.865 GC heap after
{Heap after GC invocations=6 (full 0):
 garbage-first heap   total 63488K, used 16986K [0x00000000c2c00000, 0x0000000100000000)
  region size 1024K, 4 young (4096K), 4 survivors (4096K)
 Metaspace       used 21100K, committed 21504K, reserved 1114112K
  class space    used 2694K, committed 2880K, reserved 1048576K
}
Event: 52.009 GC heap before
{Heap before GC invocations=7 (full 0):
 garbage-first heap   total 61440K, used 52826K [0x00000000c2c00000, 0x0000000100000000)
  region size 1024K, 37 young (37888K), 4 survivors (4096K)
 Metaspace       used 25490K, committed 25920K, reserved 1114112K
  class space    used 3171K, committed 3392K, reserved 1048576K
}
Event: 52.022 GC heap after
{Heap after GC invocations=8 (full 0):
 garbage-first heap   total 63488K, used 22983K [0x00000000c2c00000, 0x0000000100000000)
  region size 1024K, 5 young (5120K), 5 survivors (5120K)
 Metaspace       used 25490K, committed 25920K, reserved 1114112K
  class space    used 3171K, committed 3392K, reserved 1048576K
}

